Analysis & Synthesis report for stopwatch
Mon Jul 22 16:31:04 2024
Quartus Prime Version 20.1.1 Build 720 11/11/2020 SJ Lite Edition


---------------------
; Table of Contents ;
---------------------
  1. Legal Notice
  2. Analysis & Synthesis Summary
  3. Analysis & Synthesis Settings
  4. Parallel Compilation
  5. Analysis & Synthesis Source Files Read
  6. Analysis & Synthesis Resource Usage Summary
  7. Analysis & Synthesis Resource Utilization by Entity
  8. State Machine - |STOPWATCH|controller:mid1|JOKER
  9. Registers Removed During Synthesis
 10. General Register Statistics
 11. Inverted Register Statistics
 12. Multiplexer Restructuring Statistics (Restructuring Performed)
 13. Parameter Settings for User Entity Instance: Top-level Entity: |stopwatch
 14. Parameter Settings for User Entity Instance: controller:mid1
 15. Parameter Settings for User Entity Instance: pulse_generator:mid2
 16. Parameter Settings for User Entity Instance: counter:mid3
 17. Parameter Settings for User Entity Instance: sync_diff:in1
 18. Parameter Settings for User Entity Instance: sync_diff:in2
 19. Parameter Settings for User Entity Instance: sync_diff:in3
 20. Post-Synthesis Netlist Statistics for Top Partition
 21. Elapsed Time Per Partition
 22. Analysis & Synthesis Messages



----------------
; Legal Notice ;
----------------
Copyright (C) 2020  Intel Corporation. All rights reserved.
Your use of Intel Corporation's design tools, logic functions 
and other software and tools, and any partner logic 
functions, and any output files from any of the foregoing 
(including device programming or simulation files), and any 
associated documentation or information are expressly subject 
to the terms and conditions of the Intel Program License 
Subscription Agreement, the Intel Quartus Prime License Agreement,
the Intel FPGA IP License Agreement, or other applicable license
agreement, including, without limitation, that your use is for
the sole purpose of programming logic devices manufactured by
Intel and sold by Intel or its authorized distributors.  Please
refer to the applicable agreement for further details, at
https://fpgasoftware.intel.com/eula.



+-------------------------------------------------------------------------------+
; Analysis & Synthesis Summary                                                  ;
+---------------------------------+---------------------------------------------+
; Analysis & Synthesis Status     ; Successful - Mon Jul 22 16:31:04 2024       ;
; Quartus Prime Version           ; 20.1.1 Build 720 11/11/2020 SJ Lite Edition ;
; Revision Name                   ; stopwatch                                   ;
; Top-level Entity Name           ; STOPWATCH                                   ;
; Family                          ; Cyclone V                                   ;
; Logic utilization (in ALMs)     ; N/A                                         ;
; Total registers                 ; 69                                          ;
; Total pins                      ; 33                                          ;
; Total virtual pins              ; 0                                           ;
; Total block memory bits         ; 0                                           ;
; Total DSP Blocks                ; 0                                           ;
; Total HSSI RX PCSs              ; 0                                           ;
; Total HSSI PMA RX Deserializers ; 0                                           ;
; Total HSSI TX PCSs              ; 0                                           ;
; Total HSSI PMA TX Serializers   ; 0                                           ;
; Total PLLs                      ; 0                                           ;
; Total DLLs                      ; 0                                           ;
+---------------------------------+---------------------------------------------+


+---------------------------------------------------------------------------------------------------------------------------+
; Analysis & Synthesis Settings                                                                                             ;
+---------------------------------------------------------------------------------+--------------------+--------------------+
; Option                                                                          ; Setting            ; Default Value      ;
+---------------------------------------------------------------------------------+--------------------+--------------------+
; Device                                                                          ; 5CGXFC5C6F27C7     ;                    ;
; Top-level entity name                                                           ; stopwatch          ; stopwatch          ;
; Family name                                                                     ; Cyclone V          ; Cyclone V          ;
; Maximum processors allowed for parallel compilation                             ; 4                  ;                    ;
; VHDL Show LMF Mapping Messages                                                  ; Off                ;                    ;
; VHDL Version                                                                    ; VHDL_2008          ; VHDL_1993          ;
; Use smart compilation                                                           ; Off                ; Off                ;
; Enable parallel Assembler and Timing Analyzer during compilation                ; On                 ; On                 ;
; Enable compact report table                                                     ; Off                ; Off                ;
; Restructure Multiplexers                                                        ; Auto               ; Auto               ;
; MLAB Add Timing Constraints For Mixed-Port Feed-Through Mode Setting Don't Care ; Off                ; Off                ;
; Create Debugging Nodes for IP Cores                                             ; Off                ; Off                ;
; Preserve fewer node names                                                       ; On                 ; On                 ;
; Intel FPGA IP Evaluation Mode                                                   ; Enable             ; Enable             ;
; Verilog Version                                                                 ; Verilog_2001       ; Verilog_2001       ;
; State Machine Processing                                                        ; Auto               ; Auto               ;
; Safe State Machine                                                              ; Off                ; Off                ;
; Extract Verilog State Machines                                                  ; On                 ; On                 ;
; Extract VHDL State Machines                                                     ; On                 ; On                 ;
; Ignore Verilog initial constructs                                               ; Off                ; Off                ;
; Iteration limit for constant Verilog loops                                      ; 5000               ; 5000               ;
; Iteration limit for non-constant Verilog loops                                  ; 250                ; 250                ;
; Add Pass-Through Logic to Inferred RAMs                                         ; On                 ; On                 ;
; Infer RAMs from Raw Logic                                                       ; On                 ; On                 ;
; Parallel Synthesis                                                              ; On                 ; On                 ;
; DSP Block Balancing                                                             ; Auto               ; Auto               ;
; NOT Gate Push-Back                                                              ; On                 ; On                 ;
; Power-Up Don't Care                                                             ; On                 ; On                 ;
; Remove Redundant Logic Cells                                                    ; Off                ; Off                ;
; Remove Duplicate Registers                                                      ; On                 ; On                 ;
; Ignore CARRY Buffers                                                            ; Off                ; Off                ;
; Ignore CASCADE Buffers                                                          ; Off                ; Off                ;
; Ignore GLOBAL Buffers                                                           ; Off                ; Off                ;
; Ignore ROW GLOBAL Buffers                                                       ; Off                ; Off                ;
; Ignore LCELL Buffers                                                            ; Off                ; Off                ;
; Ignore SOFT Buffers                                                             ; On                 ; On                 ;
; Limit AHDL Integers to 32 Bits                                                  ; Off                ; Off                ;
; Optimization Technique                                                          ; Balanced           ; Balanced           ;
; Carry Chain Length                                                              ; 70                 ; 70                 ;
; Auto Carry Chains                                                               ; On                 ; On                 ;
; Auto Open-Drain Pins                                                            ; On                 ; On                 ;
; Perform WYSIWYG Primitive Resynthesis                                           ; Off                ; Off                ;
; Auto ROM Replacement                                                            ; On                 ; On                 ;
; Auto RAM Replacement                                                            ; On                 ; On                 ;
; Auto DSP Block Replacement                                                      ; On                 ; On                 ;
; Auto Shift Register Replacement                                                 ; Auto               ; Auto               ;
; Allow Shift Register Merging across Hierarchies                                 ; Auto               ; Auto               ;
; Auto Clock Enable Replacement                                                   ; On                 ; On                 ;
; Strict RAM Replacement                                                          ; Off                ; Off                ;
; Allow Synchronous Control Signals                                               ; On                 ; On                 ;
; Force Use of Synchronous Clear Signals                                          ; Off                ; Off                ;
; Auto Resource Sharing                                                           ; Off                ; Off                ;
; Allow Any RAM Size For Recognition                                              ; Off                ; Off                ;
; Allow Any ROM Size For Recognition                                              ; Off                ; Off                ;
; Allow Any Shift Register Size For Recognition                                   ; Off                ; Off                ;
; Use LogicLock Constraints during Resource Balancing                             ; On                 ; On                 ;
; Ignore translate_off and synthesis_off directives                               ; Off                ; Off                ;
; Timing-Driven Synthesis                                                         ; On                 ; On                 ;
; Report Parameter Settings                                                       ; On                 ; On                 ;
; Report Source Assignments                                                       ; On                 ; On                 ;
; Report Connectivity Checks                                                      ; On                 ; On                 ;
; Ignore Maximum Fan-Out Assignments                                              ; Off                ; Off                ;
; Synchronization Register Chain Length                                           ; 3                  ; 3                  ;
; Power Optimization During Synthesis                                             ; Normal compilation ; Normal compilation ;
; HDL message level                                                               ; Level2             ; Level2             ;
; Suppress Register Optimization Related Messages                                 ; Off                ; Off                ;
; Number of Removed Registers Reported in Synthesis Report                        ; 5000               ; 5000               ;
; Number of Swept Nodes Reported in Synthesis Report                              ; 5000               ; 5000               ;
; Number of Inverted Registers Reported in Synthesis Report                       ; 100                ; 100                ;
; Clock MUX Protection                                                            ; On                 ; On                 ;
; Auto Gated Clock Conversion                                                     ; Off                ; Off                ;
; Block Design Naming                                                             ; Auto               ; Auto               ;
; SDC constraint protection                                                       ; Off                ; Off                ;
; Synthesis Effort                                                                ; Auto               ; Auto               ;
; Shift Register Replacement - Allow Asynchronous Clear Signal                    ; On                 ; On                 ;
; Pre-Mapping Resynthesis Optimization                                            ; Off                ; Off                ;
; Analysis & Synthesis Message Level                                              ; Medium             ; Medium             ;
; Disable Register Merging Across Hierarchies                                     ; Auto               ; Auto               ;
; Resource Aware Inference For Block RAM                                          ; On                 ; On                 ;
; Automatic Parallel Synthesis                                                    ; On                 ; On                 ;
; Partial Reconfiguration Bitstream ID                                            ; Off                ; Off                ;
+---------------------------------------------------------------------------------+--------------------+--------------------+


+------------------------------------------+
; Parallel Compilation                     ;
+----------------------------+-------------+
; Processors                 ; Number      ;
+----------------------------+-------------+
; Number detected on machine ; 8           ;
; Maximum allowed            ; 4           ;
;                            ;             ;
; Average used               ; 1.00        ;
; Maximum used               ; 4           ;
;                            ;             ;
; Usage by Processor         ; % Time Used ;
;     Processor 1            ; 100.0%      ;
;     Processors 2-4         ;   0.0%      ;
+----------------------------+-------------+


+-----------------------------------------------------------------------------------------------------------------------------+
; Analysis & Synthesis Source Files Read                                                                                      ;
+----------------------------------+-----------------+-----------------+--------------------------------------------+---------+
; File Name with User-Entered Path ; Used in Netlist ; File Type       ; File Name with Absolute Path               ; Library ;
+----------------------------------+-----------------+-----------------+--------------------------------------------+---------+
; ../src/sync_diff.vhd             ; yes             ; User VHDL File  ; C:/Intel/VHDL/LAB3/src/sync_diff.vhd       ;         ;
; ../src/pulse_generator.vhd       ; yes             ; User VHDL File  ; C:/Intel/VHDL/LAB3/src/pulse_generator.vhd ;         ;
; ../src/counter.vhd               ; yes             ; User VHDL File  ; C:/Intel/VHDL/LAB3/src/counter.vhd         ;         ;
; ../src/bcd_to_7seg.vhd           ; yes             ; User VHDL File  ; C:/Intel/VHDL/LAB3/src/bcd_to_7seg.vhd     ;         ;
; ../src/controller.vhd            ; yes             ; User VHDL File  ; C:/Intel/VHDL/LAB3/src/controller.vhd      ;         ;
; ../src/stopwatch.vhd             ; yes             ; User VHDL File  ; C:/Intel/VHDL/LAB3/src/stopwatch.vhd       ;         ;
+----------------------------------+-----------------+-----------------+--------------------------------------------+---------+


+---------------------------------------------------------+
; Analysis & Synthesis Resource Usage Summary             ;
+---------------------------------------------+-----------+
; Resource                                    ; Usage     ;
+---------------------------------------------+-----------+
; Estimate of Logic utilization (ALMs needed) ; 53        ;
;                                             ;           ;
; Combinational ALUT usage for logic          ; 91        ;
;     -- 7 input functions                    ; 0         ;
;     -- 6 input functions                    ; 8         ;
;     -- 5 input functions                    ; 12        ;
;     -- 4 input functions                    ; 32        ;
;     -- <=3 input functions                  ; 39        ;
;                                             ;           ;
; Dedicated logic registers                   ; 69        ;
;                                             ;           ;
; I/O pins                                    ; 33        ;
;                                             ;           ;
; Total DSP Blocks                            ; 0         ;
;                                             ;           ;
; Maximum fan-out node                        ; CLK~input ;
; Maximum fan-out                             ; 69        ;
; Total fan-out                               ; 659       ;
; Average fan-out                             ; 2.92      ;
+---------------------------------------------+-----------+


+-----------------------------------------------------------------------------------------------------------------------------------------------------------------------------------------------------------+
; Analysis & Synthesis Resource Utilization by Entity                                                                                                                                                       ;
+-----------------------------+---------------------+---------------------------+-------------------+------------+------+--------------+-----------------------------------+-----------------+--------------+
; Compilation Hierarchy Node  ; Combinational ALUTs ; Dedicated Logic Registers ; Block Memory Bits ; DSP Blocks ; Pins ; Virtual Pins ; Full Hierarchy Name               ; Entity Name     ; Library Name ;
+-----------------------------+---------------------+---------------------------+-------------------+------------+------+--------------+-----------------------------------+-----------------+--------------+
; |STOPWATCH                  ; 91 (0)              ; 69 (0)                    ; 0                 ; 0          ; 33   ; 0            ; |STOPWATCH                        ; STOPWATCH       ; work         ;
;    |bcd_to_7seg:first_out|  ; 7 (7)               ; 0 (0)                     ; 0                 ; 0          ; 0    ; 0            ; |STOPWATCH|bcd_to_7seg:first_out  ; bcd_to_7seg     ; work         ;
;    |bcd_to_7seg:fourth_out| ; 7 (7)               ; 0 (0)                     ; 0                 ; 0          ; 0    ; 0            ; |STOPWATCH|bcd_to_7seg:fourth_out ; bcd_to_7seg     ; work         ;
;    |bcd_to_7seg:sec_out|    ; 7 (7)               ; 0 (0)                     ; 0                 ; 0          ; 0    ; 0            ; |STOPWATCH|bcd_to_7seg:sec_out    ; bcd_to_7seg     ; work         ;
;    |bcd_to_7seg:third_out|  ; 7 (7)               ; 0 (0)                     ; 0                 ; 0          ; 0    ; 0            ; |STOPWATCH|bcd_to_7seg:third_out  ; bcd_to_7seg     ; work         ;
;    |controller:mid1|        ; 11 (11)             ; 7 (7)                     ; 0                 ; 0          ; 0    ; 0            ; |STOPWATCH|controller:mid1        ; controller      ; work         ;
;    |counter:mid3|           ; 22 (22)             ; 30 (30)                   ; 0                 ; 0          ; 0    ; 0            ; |STOPWATCH|counter:mid3           ; counter         ; work         ;
;    |pulse_generator:mid2|   ; 27 (27)             ; 20 (20)                   ; 0                 ; 0          ; 0    ; 0            ; |STOPWATCH|pulse_generator:mid2   ; pulse_generator ; work         ;
;    |sync_diff:in1|          ; 1 (1)               ; 4 (4)                     ; 0                 ; 0          ; 0    ; 0            ; |STOPWATCH|sync_diff:in1          ; sync_diff       ; work         ;
;    |sync_diff:in2|          ; 1 (1)               ; 4 (4)                     ; 0                 ; 0          ; 0    ; 0            ; |STOPWATCH|sync_diff:in2          ; sync_diff       ; work         ;
;    |sync_diff:in3|          ; 1 (1)               ; 4 (4)                     ; 0                 ; 0          ; 0    ; 0            ; |STOPWATCH|sync_diff:in3          ; sync_diff       ; work         ;
+-----------------------------+---------------------+---------------------------+-------------------+------------+------+--------------+-----------------------------------+-----------------+--------------+
Note: For table entries with two numbers listed, the numbers in parentheses indicate the number of resources of the given type used by the specific entity alone. The numbers listed outside of parentheses indicate the total resources of the given type used by the specific entity and all of its sub-entities in the hierarchy.


Encoding Type:  One-Hot
+--------------------------------------------------------------------------------+
; State Machine - |STOPWATCH|controller:mid1|JOKER                               ;
+----------------+--------------+---------------+----------------+---------------+
; Name           ; JOKER.st_lap ; JOKER.st_stop ; JOKER.st_count ; JOKER.st_idle ;
+----------------+--------------+---------------+----------------+---------------+
; JOKER.st_idle  ; 0            ; 0             ; 0              ; 0             ;
; JOKER.st_count ; 0            ; 0             ; 1              ; 1             ;
; JOKER.st_stop  ; 0            ; 1             ; 0              ; 1             ;
; JOKER.st_lap   ; 1            ; 0             ; 0              ; 1             ;
+----------------+--------------+---------------+----------------+---------------+


+--------------------------------------------------------------------------------+
; Registers Removed During Synthesis                                             ;
+---------------------------------------+----------------------------------------+
; Register name                         ; Reason for Removal                     ;
+---------------------------------------+----------------------------------------+
; counter:mid3|SEC_TENS[3]              ; Stuck at GND due to stuck port data_in ;
; Total Number of Removed Registers = 1 ;                                        ;
+---------------------------------------+----------------------------------------+


+------------------------------------------------------+
; General Register Statistics                          ;
+----------------------------------------------+-------+
; Statistic                                    ; Value ;
+----------------------------------------------+-------+
; Total registers                              ; 69    ;
; Number of registers using Synchronous Clear  ; 20    ;
; Number of registers using Synchronous Load   ; 0     ;
; Number of registers using Asynchronous Clear ; 69    ;
; Number of registers using Asynchronous Load  ; 0     ;
; Number of registers using Clock Enable       ; 49    ;
; Number of registers using Preset             ; 0     ;
+----------------------------------------------+-------+


+--------------------------------------------------+
; Inverted Register Statistics                     ;
+----------------------------------------+---------+
; Inverted Register                      ; Fan out ;
+----------------------------------------+---------+
; controller:mid1|COUNT_CLEAR            ; 24      ;
; Total number of inverted registers = 1 ;         ;
+----------------------------------------+---------+


+----------------------------------------------------------------------------------------------------------------------------------------------------------+
; Multiplexer Restructuring Statistics (Restructuring Performed)                                                                                           ;
+--------------------+-----------+---------------+----------------------+------------------------+------------+--------------------------------------------+
; Multiplexer Inputs ; Bus Width ; Baseline Area ; Area if Restructured ; Saving if Restructured ; Registered ; Example Multiplexer Output                 ;
+--------------------+-----------+---------------+----------------------+------------------------+------------+--------------------------------------------+
; 4:1                ; 4 bits    ; 8 LEs         ; 8 LEs                ; 0 LEs                  ; Yes        ; |STOPWATCH|counter:mid3|hund_cnt_ones[1]   ;
; 4:1                ; 4 bits    ; 8 LEs         ; 8 LEs                ; 0 LEs                  ; Yes        ; |STOPWATCH|counter:mid3|hund_cnt_tens[2]   ;
; 4:1                ; 4 bits    ; 8 LEs         ; 8 LEs                ; 0 LEs                  ; Yes        ; |STOPWATCH|counter:mid3|sec_cnt_ones[0]    ;
; 4:1                ; 3 bits    ; 6 LEs         ; 6 LEs                ; 0 LEs                  ; Yes        ; |STOPWATCH|counter:mid3|sec_cnt_tens[0]    ;
; 4:1                ; 19 bits   ; 38 LEs        ; 0 LEs                ; 38 LEs                 ; Yes        ; |STOPWATCH|pulse_generator:mid2|count[7]   ;
; 5:1                ; 2 bits    ; 6 LEs         ; 6 LEs                ; 0 LEs                  ; No         ; |STOPWATCH|bcd_to_7seg:first_out|D_OUT[5]  ;
; 5:1                ; 2 bits    ; 6 LEs         ; 6 LEs                ; 0 LEs                  ; No         ; |STOPWATCH|bcd_to_7seg:sec_out|D_OUT[6]    ;
; 5:1                ; 2 bits    ; 6 LEs         ; 6 LEs                ; 0 LEs                  ; No         ; |STOPWATCH|bcd_to_7seg:third_out|D_OUT[6]  ;
; 5:1                ; 2 bits    ; 6 LEs         ; 6 LEs                ; 0 LEs                  ; No         ; |STOPWATCH|bcd_to_7seg:fourth_out|D_OUT[6] ;
; 6:1                ; 3 bits    ; 12 LEs        ; 12 LEs               ; 0 LEs                  ; No         ; |STOPWATCH|bcd_to_7seg:first_out|D_OUT[0]  ;
; 6:1                ; 3 bits    ; 12 LEs        ; 12 LEs               ; 0 LEs                  ; No         ; |STOPWATCH|bcd_to_7seg:sec_out|D_OUT[0]    ;
; 6:1                ; 3 bits    ; 12 LEs        ; 12 LEs               ; 0 LEs                  ; No         ; |STOPWATCH|bcd_to_7seg:third_out|D_OUT[2]  ;
+--------------------+-----------+---------------+----------------------+------------------------+------------+--------------------------------------------+


+---------------------------------------------------------------------------+
; Parameter Settings for User Entity Instance: Top-level Entity: |stopwatch ;
+----------------------+--------+-------------------------------------------+
; Parameter Name       ; Value  ; Type                                      ;
+----------------------+--------+-------------------------------------------+
; G_RESET_ACTIVE_VALUE ; '0'    ; Enumerated                                ;
; G_CLOCKS_PER_10ms    ; 500000 ; Signed Integer                            ;
+----------------------+--------+-------------------------------------------+
Note: In order to hide this table in the UI and the text report file, please set the "Show Parameter Settings in Synthesis Report" option in "Analysis and Synthesis Settings -> More Settings" to "Off".


+--------------------------------------------------------------+
; Parameter Settings for User Entity Instance: controller:mid1 ;
+----------------------+-------+-------------------------------+
; Parameter Name       ; Value ; Type                          ;
+----------------------+-------+-------------------------------+
; g_reset_active_value ; '0'   ; Enumerated                    ;
+----------------------+-------+-------------------------------+
Note: In order to hide this table in the UI and the text report file, please set the "Show Parameter Settings in Synthesis Report" option in "Analysis and Synthesis Settings -> More Settings" to "Off".


+-------------------------------------------------------------------+
; Parameter Settings for User Entity Instance: pulse_generator:mid2 ;
+----------------------+--------+-----------------------------------+
; Parameter Name       ; Value  ; Type                              ;
+----------------------+--------+-----------------------------------+
; g_reset_active_value ; '0'    ; Enumerated                        ;
; g_clocks_per_pulses  ; 500000 ; Signed Integer                    ;
+----------------------+--------+-----------------------------------+
Note: In order to hide this table in the UI and the text report file, please set the "Show Parameter Settings in Synthesis Report" option in "Analysis and Synthesis Settings -> More Settings" to "Off".


+-----------------------------------------------------------+
; Parameter Settings for User Entity Instance: counter:mid3 ;
+----------------------+-------+----------------------------+
; Parameter Name       ; Value ; Type                       ;
+----------------------+-------+----------------------------+
; g_reset_active_value ; '0'   ; Enumerated                 ;
+----------------------+-------+----------------------------+
Note: In order to hide this table in the UI and the text report file, please set the "Show Parameter Settings in Synthesis Report" option in "Analysis and Synthesis Settings -> More Settings" to "Off".


+------------------------------------------------------------+
; Parameter Settings for User Entity Instance: sync_diff:in1 ;
+------------------------+-------+---------------------------+
; Parameter Name         ; Value ; Type                      ;
+------------------------+-------+---------------------------+
; g_derivate_rising_edge ; true  ; Enumerated                ;
; g_sig_in_init_value    ; '0'   ; Enumerated                ;
; g_reset_active_value   ; '0'   ; Enumerated                ;
+------------------------+-------+---------------------------+
Note: In order to hide this table in the UI and the text report file, please set the "Show Parameter Settings in Synthesis Report" option in "Analysis and Synthesis Settings -> More Settings" to "Off".


+------------------------------------------------------------+
; Parameter Settings for User Entity Instance: sync_diff:in2 ;
+------------------------+-------+---------------------------+
; Parameter Name         ; Value ; Type                      ;
+------------------------+-------+---------------------------+
; g_derivate_rising_edge ; true  ; Enumerated                ;
; g_sig_in_init_value    ; '0'   ; Enumerated                ;
; g_reset_active_value   ; '0'   ; Enumerated                ;
+------------------------+-------+---------------------------+
Note: In order to hide this table in the UI and the text report file, please set the "Show Parameter Settings in Synthesis Report" option in "Analysis and Synthesis Settings -> More Settings" to "Off".


+------------------------------------------------------------+
; Parameter Settings for User Entity Instance: sync_diff:in3 ;
+------------------------+-------+---------------------------+
; Parameter Name         ; Value ; Type                      ;
+------------------------+-------+---------------------------+
; g_derivate_rising_edge ; true  ; Enumerated                ;
; g_sig_in_init_value    ; '0'   ; Enumerated                ;
; g_reset_active_value   ; '0'   ; Enumerated                ;
+------------------------+-------+---------------------------+
Note: In order to hide this table in the UI and the text report file, please set the "Show Parameter Settings in Synthesis Report" option in "Analysis and Synthesis Settings -> More Settings" to "Off".


+-----------------------------------------------------+
; Post-Synthesis Netlist Statistics for Top Partition ;
+-----------------------+-----------------------------+
; Type                  ; Count                       ;
+-----------------------+-----------------------------+
; arriav_ff             ; 69                          ;
;     CLR               ; 20                          ;
;     ENA CLR           ; 29                          ;
;     ENA CLR SCLR      ; 20                          ;
; arriav_lcell_comb     ; 92                          ;
;     arith             ; 19                          ;
;         1 data inputs ; 19                          ;
;     normal            ; 73                          ;
;         1 data inputs ; 1                           ;
;         2 data inputs ; 11                          ;
;         3 data inputs ; 9                           ;
;         4 data inputs ; 32                          ;
;         5 data inputs ; 12                          ;
;         6 data inputs ; 8                           ;
; boundary_port         ; 33                          ;
;                       ;                             ;
; Max LUT depth         ; 2.80                        ;
; Average LUT depth     ; 1.59                        ;
+-----------------------+-----------------------------+


+-------------------------------+
; Elapsed Time Per Partition    ;
+----------------+--------------+
; Partition Name ; Elapsed Time ;
+----------------+--------------+
; Top            ; 00:00:00     ;
+----------------+--------------+


+-------------------------------+
; Analysis & Synthesis Messages ;
+-------------------------------+
Info: *******************************************************************
Info: Running Quartus Prime Analysis & Synthesis
    Info: Version 20.1.1 Build 720 11/11/2020 SJ Lite Edition
    Info: Processing started: Mon Jul 22 16:30:56 2024
Info: Command: quartus_map --read_settings_files=on --write_settings_files=off stopwatch -c stopwatch
Info (20032): Parallel compilation is enabled and will use up to 4 processors
Info (12021): Found 2 design units, including 1 entities, in source file /intel/vhdl/lab3/src/sync_diff.vhd
    Info (12022): Found design unit 1: sync_diff-behave File: C:/Intel/VHDL/LAB3/src/sync_diff.vhd Line: 18
    Info (12023): Found entity 1: sync_diff File: C:/Intel/VHDL/LAB3/src/sync_diff.vhd Line: 4
Info (12021): Found 2 design units, including 1 entities, in source file /intel/vhdl/lab3/src/pulse_generator.vhd
    Info (12022): Found design unit 1: pulse_generator-behave File: C:/Intel/VHDL/LAB3/src/pulse_generator.vhd Line: 20
    Info (12023): Found entity 1: pulse_generator File: C:/Intel/VHDL/LAB3/src/pulse_generator.vhd Line: 5
Info (12021): Found 2 design units, including 1 entities, in source file /intel/vhdl/lab3/src/counter.vhd
    Info (12022): Found design unit 1: counter-behave File: C:/Intel/VHDL/LAB3/src/counter.vhd Line: 24
    Info (12023): Found entity 1: counter File: C:/Intel/VHDL/LAB3/src/counter.vhd Line: 5
Info (12021): Found 2 design units, including 1 entities, in source file /intel/vhdl/lab3/src/bcd_to_7seg.vhd
    Info (12022): Found design unit 1: bcd_to_7seg-behave File: C:/Intel/VHDL/LAB3/src/bcd_to_7seg.vhd Line: 12
    Info (12023): Found entity 1: bcd_to_7seg File: C:/Intel/VHDL/LAB3/src/bcd_to_7seg.vhd Line: 6
Info (12021): Found 2 design units, including 1 entities, in source file /intel/vhdl/lab3/src/controller.vhd
    Info (12022): Found design unit 1: controller-behave File: C:/Intel/VHDL/LAB3/src/controller.vhd Line: 22
    Info (12023): Found entity 1: controller File: C:/Intel/VHDL/LAB3/src/controller.vhd Line: 6
Info (12021): Found 2 design units, including 1 entities, in source file /intel/vhdl/lab3/src/controller_tb.vhd
    Info (12022): Found design unit 1: controller_tb-behave File: C:/Intel/VHDL/LAB3/src/controller_tb.vhd Line: 8
    Info (12023): Found entity 1: controller_tb File: C:/Intel/VHDL/LAB3/src/controller_tb.vhd Line: 4
Info (12021): Found 2 design units, including 1 entities, in source file /intel/vhdl/lab3/src/stopwatch.vhd
    Info (12022): Found design unit 1: STOPWATCH-structural File: C:/Intel/VHDL/LAB3/src/stopwatch.vhd Line: 26
    Info (12023): Found entity 1: STOPWATCH File: C:/Intel/VHDL/LAB3/src/stopwatch.vhd Line: 6
Info (12021): Found 2 design units, including 1 entities, in source file /intel/vhdl/lab3/src/stopwatch_tb.vhd
    Info (12022): Found design unit 1: stopwatch_tb-behave File: C:/Intel/VHDL/LAB3/src/stopwatch_tb.vhd Line: 7
    Info (12023): Found entity 1: stopwatch_tb File: C:/Intel/VHDL/LAB3/src/stopwatch_tb.vhd Line: 5
Info (12127): Elaborating entity "stopwatch" for the top level hierarchy
Info (12128): Elaborating entity "controller" for hierarchy "controller:mid1" File: C:/Intel/VHDL/LAB3/src/stopwatch.vhd Line: 115
Info (12128): Elaborating entity "pulse_generator" for hierarchy "pulse_generator:mid2" File: C:/Intel/VHDL/LAB3/src/stopwatch.vhd Line: 121
Info (12128): Elaborating entity "counter" for hierarchy "counter:mid3" File: C:/Intel/VHDL/LAB3/src/stopwatch.vhd Line: 129
Info (12128): Elaborating entity "sync_diff" for hierarchy "sync_diff:in1" File: C:/Intel/VHDL/LAB3/src/stopwatch.vhd Line: 134
Info (12128): Elaborating entity "bcd_to_7seg" for hierarchy "bcd_to_7seg:first_out" File: C:/Intel/VHDL/LAB3/src/stopwatch.vhd Line: 164
Info (286030): Timing-Driven Synthesis is running
Info (16010): Generating hard_block partition "hard_block:auto_generated_inst"
    Info (16011): Adding 0 node(s), including 0 DDIO, 0 PLL, 0 transceiver and 0 LCELL
Info (21057): Implemented 148 device resources after synthesis - the final resource count might be different
    Info (21058): Implemented 5 input pins
    Info (21059): Implemented 28 output pins
    Info (21061): Implemented 115 logic cells
Info: Quartus Prime Analysis & Synthesis was successful. 0 errors, 0 warnings
    Info: Peak virtual memory: 4853 megabytes
    Info: Processing ended: Mon Jul 22 16:31:04 2024
    Info: Elapsed time: 00:00:08
    Info: Total CPU time (on all processors): 00:00:09


